ocrsdkproject/build/intermediates/manifest_merge_blame_file/debug/manifest-merger-blame-debug-report.txt
1<?xml version="1.0" encoding="utf-8"?>
2<manifest xmlns:android="http://schemas.android.com/apk/res/android"
3    package="cn.cloudwalk.libproject"
4    android:versionCode="1"
5    android:versionName="1.0" >
6
7    <uses-sdk android:minSdkVersion="1" />
7-->MyWork\ocrsdkproject\AndroidManifest.xml
8
9    <!-- <uses-sdk -->
10    <!-- android:minSdkVersion="14" -->
11    <!-- android:targetSdkVersion="19" /> -->
12
13    <uses-permission android:name="android.permission.ACCESS_NETWORK_STATE" />
13-->MyWork\ocrsdkproject\AndroidManifest.xml:11:5-79
13-->MyWork\ocrsdkproject\AndroidManifest.xml:11:22-76
14    <uses-permission android:name="android.permission.ACCESS_WIFI_STATE" />
14-->MyWork\ocrsdkproject\AndroidManifest.xml:12:5-75
14-->MyWork\ocrsdkproject\AndroidManifest.xml:12:22-73
15    <uses-permission android:name="android.permission.INTERNET" />
15-->MyWork\ocrsdkproject\AndroidManifest.xml:13:5-66
15-->MyWork\ocrsdkproject\AndroidManifest.xml:13:22-64
16    <uses-permission android:name="android.permission.MOUNT_UNMOUNT_FILESYSTEMS" />
16-->MyWork\ocrsdkproject\AndroidManifest.xml:14:5-83
16-->MyWork\ocrsdkproject\AndroidManifest.xml:14:22-81
17    <uses-permission android:name="android.permission.WRITE_EXTERNAL_STORAGE" />
17-->MyWork\ocrsdkproject\AndroidManifest.xml:15:5-81
17-->MyWork\ocrsdkproject\AndroidManifest.xml:15:22-78
18    <uses-permission android:name="android.permission.CAMERA" />
18-->MyWork\ocrsdkproject\AndroidManifest.xml:16:5-67
18-->MyWork\ocrsdkproject\AndroidManifest.xml:16:22-64
19
20    <uses-feature android:name="android.hardware.camera" />
20-->MyWork\ocrsdkproject\AndroidManifest.xml:17:5-60
20-->MyWork\ocrsdkproject\AndroidManifest.xml:17:19-57
21    <uses-feature android:name="android.hardware.camera.autofocus" />
21-->MyWork\ocrsdkproject\AndroidManifest.xml:18:5-70
21-->MyWork\ocrsdkproject\AndroidManifest.xml:18:19-67
22    <uses-feature android:name="android.hardware.camera.flash" />
22-->MyWork\ocrsdkproject\AndroidManifest.xml:19:5-66
22-->MyWork\ocrsdkproject\AndroidManifest.xml:19:19-63
23
24    <uses-permission android:name="android.permission.WRITE_SETTINGS" />
24-->MyWork\ocrsdkproject\AndroidManifest.xml:20:5-75
24-->MyWork\ocrsdkproject\AndroidManifest.xml:20:22-72
25
26    <application>
26-->MyWork\ocrsdkproject\AndroidManifest.xml:22:5-49:19
27        <activity
27-->MyWork\ocrsdkproject\AndroidManifest.xml:23:9-26:62
28            android:name="cn.cloudwalk.libproject.OcrCameraActivity"
28-->MyWork\ocrsdkproject\AndroidManifest.xml:24:13-69
29            android:label="@string/app_name"
29-->MyWork\ocrsdkproject\AndroidManifest.xml:25:13-45
30            android:screenOrientation="landscape" />
30-->MyWork\ocrsdkproject\AndroidManifest.xml:26:13-50
31        <activity
31-->MyWork\ocrsdkproject\AndroidManifest.xml:27:9-30:61
32            android:name="cn.cloudwalk.libproject.LiveResultActivity"
32-->MyWork\ocrsdkproject\AndroidManifest.xml:28:13-70
33            android:label="@string/app_name"
33-->MyWork\ocrsdkproject\AndroidManifest.xml:29:13-45
34            android:screenOrientation="portrait" />
34-->MyWork\ocrsdkproject\AndroidManifest.xml:30:13-49
35        <activity
35-->MyWork\ocrsdkproject\AndroidManifest.xml:31:9-34:61
36            android:name="cn.cloudwalk.libproject.LiveActivity"
36-->MyWork\ocrsdkproject\AndroidManifest.xml:32:13-64
37            android:label="@string/app_name"
37-->MyWork\ocrsdkproject\AndroidManifest.xml:33:13-45
38            android:screenOrientation="portrait" />
38-->MyWork\ocrsdkproject\AndroidManifest.xml:34:13-49
39        <activity
39-->MyWork\ocrsdkproject\AndroidManifest.xml:35:9-38:61
40            android:name="cn.cloudwalk.libproject.LiveStartActivity"
40-->MyWork\ocrsdkproject\AndroidManifest.xml:36:13-69
41            android:label="@string/app_name"
41-->MyWork\ocrsdkproject\AndroidManifest.xml:37:13-45
42            android:screenOrientation="portrait" />
42-->MyWork\ocrsdkproject\AndroidManifest.xml:38:13-49
43        <activity
43-->MyWork\ocrsdkproject\AndroidManifest.xml:40:9-44:62
44            android:name="cn.cloudwalk.libproject.CloudwalkBankCardOCRActivity"
44-->MyWork\ocrsdkproject\AndroidManifest.xml:41:13-80
45            android:configChanges="orientation|screenSize"
45-->MyWork\ocrsdkproject\AndroidManifest.xml:42:13-59
46            android:label="@string/app_name"
46-->MyWork\ocrsdkproject\AndroidManifest.xml:43:13-45
47            android:screenOrientation="landscape" />
47-->MyWork\ocrsdkproject\AndroidManifest.xml:44:13-50
48        <activity
48-->MyWork\ocrsdkproject\AndroidManifest.xml:45:9-48:61
49            android:name="cn.cloudwalk.libproject.BankCardResultActivity"
49-->MyWork\ocrsdkproject\AndroidManifest.xml:46:13-74
50            android:label="@string/app_name"
50-->MyWork\ocrsdkproject\AndroidManifest.xml:47:13-45
51            android:screenOrientation="portrait" />
51-->MyWork\ocrsdkproject\AndroidManifest.xml:48:13-49
52    </application>
53
54</manifest>